11:36:42.321 [main] DEBUG org.apache.poi.openxml4j.opc.PackageRelationshipCollection - Parsing relationship: /xl/worksheets/_rels/sheet1.xml.rels
11:36:42.332 [main] DEBUG org.apache.poi.openxml4j.opc.PackageRelationshipCollection - Parsing relationship: /_rels/.rels
11:36:42.358 [main] DEBUG org.apache.poi.openxml4j.opc.PackageRelationshipCollection - Parsing relationship: /xl/_rels/workbook.xml.rels
11:36:42.366 [main] DEBUG org.apache.poi.openxml4j.opc.PackageRelationshipCollection - Parsing relationship: /xl/worksheets/_rels/sheet1.xml.rels
11:36:42.367 [main] DEBUG org.apache.poi.openxml4j.opc.PackageRelationshipCollection - Parsing relationship: /_rels/.rels
11:36:42.406 [main] DEBUG org.apache.poi.openxml4j.opc.PackageRelationshipCollection - Parsing relationship: /xl/_rels/workbook.xml.rels
11:36:42.453 [main] DEBUG org.apache.poi.openxml4j.opc.PackageRelationshipCollection - Parsing relationship: /xl/worksheets/_rels/sheet1.xml.rels
11:36:42.454 [main] DEBUG org.apache.poi.openxml4j.opc.PackageRelationshipCollection - Parsing relationship: /_rels/.rels
11:36:42.474 [main] DEBUG org.apache.poi.openxml4j.opc.PackageRelationshipCollection - Parsing relationship: /xl/_rels/workbook.xml.rels
11:36:42.475 [main] DEBUG org.apache.poi.openxml4j.opc.PackageRelationshipCollection - Parsing relationship: /xl/worksheets/_rels/sheet1.xml.rels
11:36:42.477 [main] DEBUG org.apache.poi.openxml4j.opc.PackageRelationshipCollection - Parsing relationship: /_rels/.rels
11:36:42.502 [main] INFO  testCases.TC003_LoginDDT - Starting TC003_LoginDDT...
11:36:42.589 [main] INFO  testCases.TC003_LoginDDT - Clicked on My Account link
11:36:42.988 [main] INFO  testCases.TC003_LoginDDT - Clicked on Login link
11:36:42.993 [main] INFO  testCases.TC003_LoginDDT - Providing login credentials...
11:36:46.718 [main] INFO  testCases.TC003_LoginDDT - Finished TC003_LoginDDT...
11:36:46.725 [main] INFO  testCases.TC003_LoginDDT - Starting TC003_LoginDDT...
11:36:46.793 [main] INFO  testCases.TC003_LoginDDT - Clicked on My Account link
11:36:47.158 [main] INFO  testCases.TC003_LoginDDT - Clicked on Login link
11:36:47.158 [main] INFO  testCases.TC003_LoginDDT - Providing login credentials...
11:36:57.805 [main] INFO  testCases.TC003_LoginDDT - Finished TC003_LoginDDT...
11:36:57.808 [main] INFO  testCases.TC003_LoginDDT - Starting TC003_LoginDDT...
11:36:57.900 [main] INFO  testCases.TC003_LoginDDT - Clicked on My Account link
11:36:58.214 [main] INFO  testCases.TC003_LoginDDT - Clicked on Login link
11:36:58.214 [main] INFO  testCases.TC003_LoginDDT - Providing login credentials...
11:37:08.513 [main] INFO  testCases.TC003_LoginDDT - Finished TC003_LoginDDT...
11:37:08.515 [main] INFO  testCases.TC003_LoginDDT - Starting TC003_LoginDDT...
11:37:08.604 [main] INFO  testCases.TC003_LoginDDT - Clicked on My Account link
11:37:08.853 [main] INFO  testCases.TC003_LoginDDT - Clicked on Login link
11:37:08.854 [main] INFO  testCases.TC003_LoginDDT - Providing login credentials...
11:37:19.939 [main] INFO  testCases.TC003_LoginDDT - Finished TC003_LoginDDT...
11:37:19.942 [main] INFO  testCases.TC003_LoginDDT - Starting TC003_LoginDDT...
11:37:20.034 [main] INFO  testCases.TC003_LoginDDT - Clicked on My Account link
11:37:20.360 [main] INFO  testCases.TC003_LoginDDT - Clicked on Login link
11:37:20.361 [main] INFO  testCases.TC003_LoginDDT - Providing login credentials...
11:37:30.650 [main] INFO  testCases.TC003_LoginDDT - Finished TC003_LoginDDT...
